<?xml version='1.0' encoding='UTF-8' ?>
<testsuite errors="0" failures="0" hostname="Hais-MBP" name="SampleProject4CICDUITests" tests="1" time="4.935" timestamp="2018-03-10 09:29:51 +0800"><testcase classname='SampleProject4CICDUITests' name='testExample' time='4.934' />
</testsuite>
